TN:
SF:src\modules\appointments\services\ListProviderDayAvailability.ts
FN:27,(anonymous_17)
FN:28,listProviderDayAvailability
FN:33,(anonymous_19)
FN:87,(anonymous_22)
FN:90,(anonymous_23)
FN:92,(anonymous_24)
FNF:6
FNH:6
FNDA:2,(anonymous_17)
FNDA:2,listProviderDayAvailability
FNDA:1,(anonymous_19)
FNDA:10,(anonymous_22)
FNDA:10,(anonymous_23)
FNDA:19,(anonymous_24)
DA:1,2
DA:3,2
DA:5,2
DA:27,2
DA:30,2
DA:33,2
DA:34,1
DA:35,1
DA:36,1
DA:37,1
DA:71,1
DA:73,1
DA:74,1
DA:81,1
DA:83,1
DA:87,10
DA:90,1
DA:91,10
DA:92,19
DA:95,10
DA:99,10
DA:106,1
DA:108,1
DA:110,2
DA:112,2
LF:25
LH:25
BRDA:102,0,0,10
BRDA:102,0,1,8
BRF:2
BRH:2
end_of_record
TN:
SF:src\modules\appointments\services\createAppointment-service.ts
FN:17,(anonymous_18)
FN:18,createAppointmentService
FN:25,(anonymous_20)
FNF:3
FNH:3
FNDA:1,(anonymous_18)
FNDA:2,createAppointmentService
FNDA:3,(anonymous_20)
DA:1,1
DA:3,1
DA:5,1
DA:6,1
DA:8,1
DA:17,1
DA:20,2
DA:22,2
DA:25,1
DA:26,3
DA:27,3
DA:28,3
DA:30,3
DA:32,3
DA:33,3
DA:35,3
DA:36,1
DA:42,2
DA:48,2
DA:49,4
DA:54,2
DA:56,1
DA:58,1
LF:23
LH:23
BRDA:35,0,0,1
BRF:1
BRH:1
end_of_record
TN:
SF:src\modules\appointments\services\listProvider-service.ts
FN:12,(anonymous_17)
FN:13,listProviderService
FN:18,(anonymous_19)
FNF:3
FNH:0
FNDA:0,(anonymous_17)
FNDA:0,listProviderService
FNDA:0,(anonymous_19)
DA:2,0
DA:12,0
DA:15,0
DA:18,0
DA:19,0
DA:22,0
DA:24,0
DA:26,0
LF:8
LH:0
BRDA:19,0,0,0
BRF:1
BRH:0
end_of_record
TN:
SF:src\modules\appointments\services\listProviderAppointments-service.ts
FN:22,(anonymous_17)
FN:23,listProviderAppointmentsInDay
FN:28,(anonymous_19)
FNF:3
FNH:3
FNDA:1,(anonymous_17)
FNDA:1,listProviderAppointmentsInDay
FNDA:1,(anonymous_19)
DA:1,1
DA:3,1
DA:22,1
DA:25,1
DA:28,1
DA:29,1
DA:30,1
DA:31,1
DA:32,1
DA:34,1
DA:41,1
DA:42,1
DA:49,1
DA:51,1
DA:53,1
LF:15
LH:15
BRF:0
BRH:0
end_of_record
TN:
SF:src\modules\appointments\services\listProviderMonthAvailability-service.ts
FN:19,(anonymous_17)
FN:20,listProviderMonthAvailability
FN:25,(anonymous_19)
FN:44,(anonymous_22)
FN:47,(anonymous_23)
FN:49,(anonymous_24)
FNF:6
FNH:6
FNDA:1,(anonymous_17)
FNDA:1,listProviderMonthAvailability
FNDA:1,(anonymous_19)
FNDA:31,(anonymous_22)
FNDA:31,(anonymous_23)
FNDA:310,(anonymous_24)
DA:1,1
DA:3,1
DA:5,1
DA:19,1
DA:22,1
DA:25,1
DA:26,1
DA:27,1
DA:28,1
DA:30,1
DA:31,1
DA:37,1
DA:39,1
DA:40,1
DA:44,31
DA:47,1
DA:48,31
DA:50,310
DA:54,31
DA:55,31
DA:57,31
DA:65,1
DA:67,1
DA:69,1
LF:24
LH:24
BRDA:31,0,0,1
BRDA:60,1,0,31
BRDA:60,1,1,30
BRF:3
BRH:3
end_of_record
TN:
SF:src\modules\users\services\authValidation-service.ts
FN:22,(anonymous_18)
FN:23,authValidation
FN:30,(anonymous_20)
FNF:3
FNH:3
FNDA:1,(anonymous_18)
FNDA:3,authValidation
FNDA:3,(anonymous_20)
DA:3,1
DA:4,1
DA:5,1
DA:7,1
DA:8,1
DA:22,1
DA:25,3
DA:27,3
DA:30,3
DA:31,3
DA:33,3
DA:35,3
DA:36,1
DA:39,2
DA:44,2
DA:45,1
DA:48,1
DA:53,1
DA:55,1
DA:57,1
LF:20
LH:20
BRDA:35,0,0,1
BRDA:44,1,0,1
BRF:2
BRH:2
end_of_record
TN:
SF:src\modules\users\services\createUser-service.ts
FN:17,(anonymous_18)
FN:18,createUserService
FN:25,(anonymous_20)
FNF:3
FNH:3
FNDA:3,(anonymous_18)
FNDA:6,createUserService
FNDA:7,(anonymous_20)
DA:3,3
DA:5,3
DA:6,3
DA:17,3
DA:20,6
DA:22,6
DA:25,7
DA:26,7
DA:28,7
DA:29,1
DA:35,6
DA:37,5
DA:43,5
DA:45,3
DA:47,3
LF:15
LH:15
BRDA:26,0,0,7
BRDA:28,1,0,1
BRF:2
BRH:2
end_of_record
TN:
SF:src\modules\users\services\resetPasswordService.ts
FN:14,(anonymous_18)
FN:15,resetPasswordService
FN:24,(anonymous_20)
FNF:3
FNH:0
FNDA:0,(anonymous_18)
FNDA:0,resetPasswordService
FNDA:0,(anonymous_20)
DA:1,0
DA:4,0
DA:5,0
DA:14,0
DA:17,0
DA:19,0
DA:21,0
DA:24,0
DA:25,0
DA:27,0
DA:29,0
DA:31,0
DA:33,0
DA:34,0
DA:36,0
DA:37,0
DA:40,0
DA:42,0
DA:44,0
DA:45,0
DA:48,0
DA:50,0
LF:22
LH:0
BRDA:25,0,0,0
BRDA:27,1,0,0
BRDA:29,2,0,0
BRDA:29,2,1,0
BRDA:29,3,0,0
BRDA:29,3,1,0
BRDA:31,4,0,0
BRDA:36,5,0,0
BRF:8
BRH:0
end_of_record
TN:
SF:src\modules\users\services\sendForgotPasswordEmail-service.ts
FN:15,(anonymous_18)
FN:16,sendForgotPasswordEmail
FN:25,(anonymous_20)
FNF:3
FNH:0
FNDA:0,(anonymous_18)
FNDA:0,sendForgotPasswordEmail
FNDA:0,(anonymous_20)
DA:2,0
DA:3,0
DA:5,0
DA:8,0
DA:15,0
DA:18,0
DA:20,0
DA:22,0
DA:25,0
DA:26,0
DA:28,0
DA:29,0
DA:34,0
DA:35,0
DA:37,0
DA:44,0
DA:59,0
DA:61,0
LF:18
LH:0
BRDA:26,0,0,0
BRDA:28,1,0,0
BRF:2
BRH:0
end_of_record
TN:
SF:src\modules\users\services\showProfile-service.ts
FN:17,(anonymous_18)
FN:18,showProfileService
FN:23,(anonymous_20)
FNF:3
FNH:0
FNDA:0,(anonymous_18)
FNDA:0,showProfileService
FNDA:0,(anonymous_20)
DA:1,0
DA:4,0
DA:17,0
DA:20,0
DA:23,0
DA:24,0
DA:26,0
DA:28,0
DA:30,0
DA:32,0
LF:10
LH:0
BRDA:24,0,0,0
BRDA:26,1,0,0
BRF:2
BRH:0
end_of_record
TN:
SF:src\modules\users\services\updateProfileService.ts
FN:17,(anonymous_18)
FN:18,updateProfileService
FN:25,(anonymous_20)
FNF:3
FNH:0
FNDA:0,(anonymous_18)
FNDA:0,updateProfileService
FNDA:0,(anonymous_20)
DA:1,0
DA:4,0
DA:17,0
DA:20,0
DA:22,0
DA:25,0
DA:26,0
DA:28,0
DA:30,0
DA:34,0
DA:35,0
DA:37,0
DA:38,0
DA:40,0
DA:41,0
DA:46,0
DA:47,0
DA:49,0
DA:52,0
DA:55,0
DA:57,0
LF:21
LH:0
BRDA:26,0,0,0
BRDA:26,0,1,0
BRDA:28,1,0,0
BRDA:34,2,0,0
BRDA:34,3,0,0
BRDA:34,3,1,0
BRDA:40,4,0,0
BRDA:40,5,0,0
BRDA:40,5,1,0
BRDA:46,6,0,0
BRF:10
BRH:0
end_of_record
